#
# There is insufficient memory for the Java Runtime Environment to continue.
# Native memory allocation (malloc) failed to allocate 525296 bytes for Chunk::new
# Possible reasons:
#   The system is out of physical RAM or swap space
#   In 32 bit mode, the process size limit was hit
# Possible solutions:
#   Reduce memory load on the system
#   Increase physical memory or swap space
#   Check if swap backing store is full
#   Use 64 bit Java on a 64 bit OS
#   Decrease Java heap size (-Xmx/-Xms)
#   Decrease number of Java threads
#   Decrease Java thread stack sizes (-Xss)
#   Set larger code cache with -XX:ReservedCodeCacheSize=
# This output file may be truncated or incomplete.
#
#  Out of Memory Error (allocation.cpp:328), pid=11320, tid=6440
#
# JRE version: 7.0_07-b11
# Java VM: Java HotSpot(TM) 64-Bit Server VM (23.3-b01 mixed mode windows-amd64 compressed oops)
# Failed to write core dump. Minidumps are not enabled by default on client versions of Windows
#

---------------  T H R E A D  ---------------

Current thread (0x00000000099f7800):  JavaThread "C2 CompilerThread1" daemon [_thread_in_native, id=6440, stack(0x000000000b0a0000,0x000000000b1a0000)]

Stack: [0x000000000b0a0000,0x000000000b1a0000]

Current CompileTask:
C2:  51802  626             com.sun.org.apache.xerces.internal.parsers.AbstractDOMParser::internalEntityDecl (385 bytes)


---------------  P R O C E S S  ---------------

Java Threads: ( => current thread )
  0x000000000c35f800 JavaThread "File lock request listener" [_thread_in_native, id=4584, stack(0x000000000d9a0000,0x000000000daa0000)]
  0x000000000beb0800 JavaThread "Stdin handler" [_thread_blocked, id=1236, stack(0x000000000d8a0000,0x000000000d9a0000)]
  0x000000000bc6a000 JavaThread "Daemon worker" [_thread_in_native, id=10532, stack(0x000000000d7a0000,0x000000000d8a0000)]
  0x000000000b4fa000 JavaThread "Cancel handler" [_thread_blocked, id=1248, stack(0x000000000d6a0000,0x000000000d7a0000)]
  0x000000000c175800 JavaThread "Handler for socket connection from /127.0.0.1:62576 to /127.0.0.1:62585" [_thread_in_native, id=4092, stack(0x000000000d5a0000,0x000000000d6a0000)]
  0x000000000bd05000 JavaThread "Daemon" [_thread_blocked, id=12404, stack(0x000000000d4a0000,0x000000000d5a0000)]
  0x000000000b474000 JavaThread "Incoming local TCP Connector on port 62576" [_thread_in_native, id=13536, stack(0x000000000b7a0000,0x000000000b8a0000)]
  0x00000000099fe000 JavaThread "Service Thread" daemon [_thread_blocked, id=10308, stack(0x000000000b1a0000,0x000000000b2a0000)]
=>0x00000000099f7800 JavaThread "C2 CompilerThread1" daemon [_thread_in_native, id=6440, stack(0x000000000b0a0000,0x000000000b1a0000)]
  0x00000000099ee000 JavaThread "C2 CompilerThread0" daemon [_thread_blocked, id=9684, stack(0x000000000afa0000,0x000000000b0a0000)]
  0x00000000099ec800 JavaThread "Attach Listener" daemon [_thread_blocked, id=8416, stack(0x000000000aea0000,0x000000000afa0000)]
  0x00000000099e9800 JavaThread "Signal Dispatcher" daemon [_thread_blocked, id=6488, stack(0x000000000ada0000,0x000000000aea0000)]
  0x0000000009986800 JavaThread "Finalizer" daemon [_thread_blocked, id=1812, stack(0x000000000aca0000,0x000000000ada0000)]
  0x000000000997d800 JavaThread "Reference Handler" daemon [_thread_blocked, id=11844, stack(0x000000000aba0000,0x000000000aca0000)]
  0x000000000141e000 JavaThread "main" [_thread_blocked, id=13516, stack(0x0000000002c40000,0x0000000002d40000)]

Other Threads:
  0x0000000009976000 VMThread [stack: 0x000000000aaa0000,0x000000000aba0000] [id=7796]
  0x0000000009a0b000 WatcherThread [stack: 0x000000000b2a0000,0x000000000b3a0000] [id=8808]

VM state:not at safepoint (normal execution)

VM Mutex/Monitor currently owned by a thread: None

Heap
 PSYoungGen      total 215616K, used 148482K [0x00000000eaab0000, 0x00000000f8ad0000, 0x0000000100000000)
  eden space 203776K, 72% used [0x00000000eaab0000,0x00000000f3a1c930,0x00000000f71b0000)
  from space 11840K, 13% used [0x00000000f71b0000,0x00000000f7344030,0x00000000f7d40000)
  to   space 9792K, 0% used [0x00000000f7d40000,0x00000000f7d40000,0x00000000f86d0000)
 ParOldGen       total 86080K, used 20657K [0x00000000c0000000, 0x00000000c5410000, 0x00000000eaab0000)
  object space 86080K, 23% used [0x00000000c0000000,0x00000000c142c540,0x00000000c5410000)
 PSPermGen       total 37376K, used 37241K [0x00000000b0000000, 0x00000000b2480000, 0x00000000c0000000)
  object space 37376K, 99% used [0x00000000b0000000,0x00000000b245e620,0x00000000b2480000)

Card table byte_map: [0x0000000005e40000,0x00000000060d0000] byte_map_base: 0x00000000058c0000

Polling page: 0x0000000000ed0000

Code Cache  [0x0000000002e40000, 0x00000000031d0000, 0x0000000005e40000)
 total_blobs=1209 nmethods=599 adapters=561 free_code_cache=45644Kb largest_free_block=46659392

Compilation events (10 events):
Event: 50.329 Thread 0x00000000099ee000  622   !         java.beans.Introspector::getTargetPropertyInfo (589 bytes)
Event: 50.442 Thread 0x00000000099f7800 nmethod 621 0x0000000003192c50 code [0x00000000031930e0, 0x00000000031951a8]
Event: 50.442 Thread 0x00000000099f7800  623             org.codehaus.groovy.runtime.metaclass.MetaMethodIndex::addMethodToList (290 bytes)
Event: 50.472 Thread 0x00000000099f7800 nmethod 623 0x000000000318d410 code [0x000000000318d680, 0x000000000318e428]
Event: 50.472 Thread 0x00000000099f7800  624             java.util.LinkedList$Node::<init> (20 bytes)
Event: 50.472 Thread 0x00000000099f7800 nmethod 624 0x000000000318d210 code [0x000000000318d340, 0x000000000318d3b8]
Event: 50.487 Thread 0x00000000099f7800  625             java.util.regex.Matcher::search (109 bytes)
Event: 50.492 Thread 0x00000000099f7800 nmethod 625 0x000000000318cb90 code [0x000000000318cce0, 0x000000000318cfb8]
Event: 50.881 Thread 0x00000000099ee000 nmethod 622 0x00000000031a30d0 code [0x00000000031a3e40, 0x00000000031addf8]
Event: 51.548 Thread 0x00000000099f7800  626             com.sun.org.apache.xerces.internal.parsers.AbstractDOMParser::internalEntityDecl (385 bytes)

GC Heap History (10 events):
Event: 26.465 GC heap before
{Heap before GC invocations=7 (full 0):
 PSYoungGen      total 73792K, used 70131K [0x00000000eaab0000, 0x00000000efc70000, 0x0000000100000000)
  eden space 64512K, 99% used [0x00000000eaab0000,0x00000000ee9afca0,0x00000000ee9b0000)
  from space 9280K, 60% used [0x00000000ef360000,0x00000000ef8dd0f0,0x00000000efc70000)
  to   space 9600K, 0% used [0x00000000ee9b0000,0x00000000ee9b0000,0x00000000ef310000)
 ParOldGen       total 86080K, used 7215K [0x00000000c0000000, 0x00000000c5410000, 0x00000000eaab0000)
  object space 86080K, 8% used [0x00000000c0000000,0x00000000c070be68,0x00000000c5410000)
 PSPermGen       total 22592K, used 22406K [0x00000000b0000000, 0x00000000b1610000, 0x00000000c0000000)
  object space 22592K, 99% used [0x00000000b0000000,0x00000000b15e1808,0x00000000b1610000)
Event: 26.482 GC heap after
Heap after GC invocations=7 (full 0):
 PSYoungGen      total 74112K, used 5830K [0x00000000eaab0000, 0x00000000f3ad0000, 0x0000000100000000)
  eden space 64512K, 0% used [0x00000000eaab0000,0x00000000eaab0000,0x00000000ee9b0000)
  from space 9600K, 60% used [0x00000000ee9b0000,0x00000000eef618a0,0x00000000ef310000)
  to   space 9280K, 0% used [0x00000000f31c0000,0x00000000f31c0000,0x00000000f3ad0000)
 ParOldGen       total 86080K, used 9889K [0x00000000c0000000, 0x00000000c5410000, 0x00000000eaab0000)
  object space 86080K, 11% used [0x00000000c0000000,0x00000000c09a8448,0x00000000c5410000)
 PSPermGen       total 22592K, used 22406K [0x00000000b0000000, 0x00000000b1610000, 0x00000000c0000000)
  object space 22592K, 99% used [0x00000000b0000000,0x00000000b15e1808,0x00000000b1610000)
}
Event: 27.643 GC heap before
{Heap before GC invocations=8 (full 0):
 PSYoungGen      total 74112K, used 70342K [0x00000000eaab0000, 0x00000000f3ad0000, 0x0000000100000000)
  eden space 64512K, 100% used [0x00000000eaab0000,0x00000000ee9b0000,0x00000000ee9b0000)
  from space 9600K, 60% used [0x00000000ee9b0000,0x00000000eef618a0,0x00000000ef310000)
  to   space 9280K, 0% used [0x00000000f31c0000,0x00000000f31c0000,0x00000000f3ad0000)
 ParOldGen       total 86080K, used 9889K [0x00000000c0000000, 0x00000000c5410000, 0x00000000eaab0000)
  object space 86080K, 11% used [0x00000000c0000000,0x00000000c09a8448,0x00000000c5410000)
 PSPermGen       total 23168K, used 23137K [0x00000000b0000000, 0x00000000b16a0000, 0x00000000c0000000)
  object space 23168K, 99% used [0x00000000b0000000,0x00000000b16986c0,0x00000000b16a0000)
Event: 27.659 GC heap after
Heap after GC invocations=8 (full 0):
 PSYoungGen      total 137920K, used 2736K [0x00000000eaab0000, 0x00000000f3b90000, 0x0000000100000000)
  eden space 128640K, 0% used [0x00000000eaab0000,0x00000000eaab0000,0x00000000f2850000)
  from space 9280K, 29% used [0x00000000f31c0000,0x00000000f346c010,0x00000000f3ad0000)
  to   space 9664K, 0% used [0x00000000f2850000,0x00000000f2850000,0x00000000f31c0000)
 ParOldGen       total 86080K, used 12395K [0x00000000c0000000, 0x00000000c5410000, 0x00000000eaab0000)
  object space 86080K, 14% used [0x00000000c0000000,0x00000000c0c1ae08,0x00000000c5410000)
 PSPermGen       total 23168K, used 23137K [0x00000000b0000000, 0x00000000b16a0000, 0x00000000c0000000)
  object space 23168K, 99% used [0x00000000b0000000,0x00000000b16986c0,0x00000000b16a0000)
}
Event: 28.653 GC heap before
{Heap before GC invocations=9 (full 0):
 PSYoungGen      total 137920K, used 131376K [0x00000000eaab0000, 0x00000000f3b90000, 0x0000000100000000)
  eden space 128640K, 100% used [0x00000000eaab0000,0x00000000f2850000,0x00000000f2850000)
  from space 9280K, 29% used [0x00000000f31c0000,0x00000000f346c010,0x00000000f3ad0000)
  to   space 9664K, 0% used [0x00000000f2850000,0x00000000f2850000,0x00000000f31c0000)
 ParOldGen       total 86080K, used 12395K [0x00000000c0000000, 0x00000000c5410000, 0x00000000eaab0000)
  object space 86080K, 14% used [0x00000000c0000000,0x00000000c0c1ae08,0x00000000c5410000)
 PSPermGen       total 23168K, used 23149K [0x00000000b0000000, 0x00000000b16a0000, 0x00000000c0000000)
  object space 23168K, 99% used [0x00000000b0000000,0x00000000b169b670,0x00000000b16a0000)
Event: 28.661 GC heap after
Heap after GC invocations=9 (full 0):
 PSYoungGen      total 138304K, used 3056K [0x00000000eaab0000, 0x00000000f86d0000, 0x0000000100000000)
  eden space 128640K, 0% used [0x00000000eaab0000,0x00000000eaab0000,0x00000000f2850000)
  from space 9664K, 31% used [0x00000000f2850000,0x00000000f2b4c020,0x00000000f31c0000)
  to   space 9792K, 0% used [0x00000000f7d40000,0x00000000f7d40000,0x00000000f86d0000)
 ParOldGen       total 86080K, used 12699K [0x00000000c0000000, 0x00000000c5410000, 0x00000000eaab0000)
  object space 86080K, 14% used [0x00000000c0000000,0x00000000c0c66e08,0x00000000c5410000)
 PSPermGen       total 23168K, used 23149K [0x00000000b0000000, 0x00000000b16a0000, 0x00000000c0000000)
  object space 23168K, 99% used [0x00000000b0000000,0x00000000b169b670,0x00000000b16a0000)
}
Event: 35.275 GC heap before
{Heap before GC invocations=10 (full 0):
 PSYoungGen      total 138304K, used 131696K [0x00000000eaab0000, 0x00000000f86d0000, 0x0000000100000000)
  eden space 128640K, 100% used [0x00000000eaab0000,0x00000000f2850000,0x00000000f2850000)
  from space 9664K, 31% used [0x00000000f2850000,0x00000000f2b4c020,0x00000000f31c0000)
  to   space 9792K, 0% used [0x00000000f7d40000,0x00000000f7d40000,0x00000000f86d0000)
 ParOldGen       total 86080K, used 12699K [0x00000000c0000000, 0x00000000c5410000, 0x00000000eaab0000)
  object space 86080K, 14% used [0x00000000c0000000,0x00000000c0c66e08,0x00000000c5410000)
 PSPermGen       total 29504K, used 29323K [0x00000000b0000000, 0x00000000b1cd0000, 0x00000000c0000000)
  object space 29504K, 99% used [0x00000000b0000000,0x00000000b1ca2ff8,0x00000000b1cd0000)
Event: 35.297 GC heap after
Heap after GC invocations=10 (full 0):
 PSYoungGen      total 213568K, used 9768K [0x00000000eaab0000, 0x00000000f8ad0000, 0x0000000100000000)
  eden space 203776K, 0% used [0x00000000eaab0000,0x00000000eaab0000,0x00000000f71b0000)
  from space 9792K, 99% used [0x00000000f7d40000,0x00000000f86ca120,0x00000000f86d0000)
  to   space 11840K, 0% used [0x00000000f71b0000,0x00000000f71b0000,0x00000000f7d40000)
 ParOldGen       total 86080K, used 15200K [0x00000000c0000000, 0x00000000c5410000, 0x00000000eaab0000)
  object space 86080K, 17% used [0x00000000c0000000,0x00000000c0ed8380,0x00000000c5410000)
 PSPermGen       total 29504K, used 29323K [0x00000000b0000000, 0x00000000b1cd0000, 0x00000000c0000000)
  object space 29504K, 99% used [0x00000000b0000000,0x00000000b1ca2ff8,0x00000000b1cd0000)
}
Event: 40.145 GC heap before
{Heap before GC invocations=11 (full 0):
 PSYoungGen      total 213568K, used 213544K [0x00000000eaab0000, 0x00000000f8ad0000, 0x0000000100000000)
  eden space 203776K, 100% used [0x00000000eaab0000,0x00000000f71b0000,0x00000000f71b0000)
  from space 9792K, 99% used [0x00000000f7d40000,0x00000000f86ca120,0x00000000f86d0000)
  to   space 11840K, 0% used [0x00000000f71b0000,0x00000000f71b0000,0x00000000f7d40000)
 ParOldGen       total 86080K, used 15200K [0x00000000c0000000, 0x00000000c5410000, 0x00000000eaab0000)
  object space 86080K, 17% used [0x00000000c0000000,0x00000000c0ed8380,0x00000000c5410000)
 PSPermGen       total 29696K, used 29508K [0x00000000b0000000, 0x00000000b1d00000, 0x00000000c0000000)
  object space 29696K, 99% used [0x00000000b0000000,0x00000000b1cd12d8,0x00000000b1d00000)
Event: 40.167 GC heap after
Heap after GC invocations=11 (full 0):
 PSYoungGen      total 215616K, used 1616K [0x00000000eaab0000, 0x00000000f8ad0000, 0x0000000100000000)
  eden space 203776K, 0% used [0x00000000eaab0000,0x00000000eaab0000,0x00000000f71b0000)
  from space 11840K, 13% used [0x00000000f71b0000,0x00000000f7344030,0x00000000f7d40000)
  to   space 9792K, 0% used [0x00000000f7d40000,0x00000000f7d40000,0x00000000f86d0000)
 ParOldGen       total 86080K, used 20657K [0x00000000c0000000, 0x00000000c5410000, 0x00000000eaab0000)
  object space 86080K, 23% used [0x00000000c0000000,0x00000000c142c540,0x00000000c5410000)
 PSPermGen       total 29696K, used 29508K [0x00000000b0000000, 0x00000000b1d00000, 0x00000000c0000000)
  object space 29696K, 99% used [0x00000000b0000000,0x00000000b1cd12d8,0x00000000b1d00000)
}

Deoptimization events (10 events):
Event: 44.579 Thread 0x000000000bc6a000 Uncommon trap -34 fr.pc 0x0000000002f04b1c
Event: 44.579 Thread 0x000000000bc6a000 Uncommon trap -34 fr.pc 0x0000000002f04b1c
Event: 50.024 Thread 0x000000000bc6a000 Uncommon trap -58 fr.pc 0x0000000003139260
Event: 50.025 Thread 0x000000000bc6a000 Uncommon trap -58 fr.pc 0x0000000003139260
Event: 50.025 Thread 0x000000000bc6a000 Uncommon trap -58 fr.pc 0x0000000003139260
Event: 50.025 Thread 0x000000000bc6a000 Uncommon trap -58 fr.pc 0x0000000003139260
Event: 50.264 Thread 0x000000000bc6a000 Uncommon trap -58 fr.pc 0x00000000030be438
Event: 50.271 Thread 0x000000000bc6a000 Uncommon trap 1728 fr.pc 0x000000000313fbc4
Event: 50.326 Thread 0x000000000bc6a000 Uncommon trap -58 fr.pc 0x00000000030be438
Event: 50.475 Thread 0x000000000bc6a000 Uncommon trap -58 fr.pc 0x00000000030be438

Internal exceptions (10 events):
Event: 51.074 Thread 0x000000000bc6a000 Threw 0x00000000f3597010 at C:\jdk7u1_64p\jdk7u7\hotspot\src\share\vm\prims\jvm.cpp:1166
Event: 51.557 Thread 0x000000000bc6a000 Threw 0x00000000f35e43d0 at C:\jdk7u1_64p\jdk7u7\hotspot\src\share\vm\prims\jvm.cpp:1166
Event: 51.557 Thread 0x000000000bc6a000 Threw 0x00000000f35e5860 at C:\jdk7u1_64p\jdk7u7\hotspot\src\share\vm\prims\jvm.cpp:1166
Event: 51.557 Thread 0x000000000bc6a000 Threw 0x00000000f35ef530 at C:\jdk7u1_64p\jdk7u7\hotspot\src\share\vm\prims\jvm.cpp:1166
Event: 51.558 Thread 0x000000000bc6a000 Threw 0x00000000f35f4a20 at C:\jdk7u1_64p\jdk7u7\hotspot\src\share\vm\prims\jvm.cpp:1166
Event: 51.558 Thread 0x000000000bc6a000 Threw 0x00000000f35f5c30 at C:\jdk7u1_64p\jdk7u7\hotspot\src\share\vm\prims\jvm.cpp:1166
Event: 51.558 Thread 0x000000000bc6a000 Threw 0x00000000f35fcc20 at C:\jdk7u1_64p\jdk7u7\hotspot\src\share\vm\prims\jvm.cpp:1166
Event: 51.560 Thread 0x000000000bc6a000 Threw 0x00000000f3605f50 at C:\jdk7u1_64p\jdk7u7\hotspot\src\share\vm\prims\jvm.cpp:1166
Event: 51.560 Thread 0x000000000bc6a000 Threw 0x00000000f3607258 at C:\jdk7u1_64p\jdk7u7\hotspot\src\share\vm\prims\jvm.cpp:1166
Event: 51.560 Thread 0x000000000bc6a000 Threw 0x00000000f360d260 at C:\jdk7u1_64p\jdk7u7\hotspot\src\share\vm\prims\jvm.cpp:1166

Events (10 events):
Event: 51.073 loading class 0x000000000c7f91e0
Event: 51.073 loading class 0x000000000c7f91e0 done
Event: 51.073 loading class 0x000000000bd46570
Event: 51.073 loading class 0x000000000bd46570 done
Event: 51.557 loading class 0x000000000b6ed7a0
Event: 51.557 loading class 0x000000000b6ed7a0 done
Event: 51.558 loading class 0x0000000009a9dfb0
Event: 51.558 loading class 0x0000000009a9dfb0 done
Event: 51.560 loading class 0x000000000c7f8ab0
Event: 51.560 loading class 0x000000000c7f8ab0 done


Dynamic libraries:
0x00007ff7551e0000 - 0x00007ff755213000 	C:\Program Files\Java\jdk1.7.0_07\bin\java.exe
0x00007ffbd6d00000 - 0x00007ffbd6ec2000 	C:\WINDOWS\SYSTEM32\ntdll.dll
0x00007ffbd43f0000 - 0x00007ffbd449d000 	C:\WINDOWS\system32\KERNEL32.DLL
0x00007ffbd37e0000 - 0x00007ffbd39bd000 	C:\WINDOWS\system32\KERNELBASE.dll
0x00007ffbd46f0000 - 0x00007ffbd4796000 	C:\WINDOWS\system32\ADVAPI32.dll
0x00007ffbd4650000 - 0x00007ffbd46ed000 	C:\WINDOWS\system32\msvcrt.dll
0x00007ffbd53b0000 - 0x00007ffbd540b000 	C:\WINDOWS\system32\sechost.dll
0x00007ffbd4eb0000 - 0x00007ffbd4fd6000 	C:\WINDOWS\system32\RPCRT4.dll
0x00007ffbd4fe0000 - 0x00007ffbd512e000 	C:\WINDOWS\system32\USER32.dll
0x00007ffbd44a0000 - 0x00007ffbd4626000 	C:\WINDOWS\system32\GDI32.dll
0x00007ffbcb6a0000 - 0x00007ffbcb914000 	C:\WINDOWS\WinSxS\amd64_microsoft.windows.common-controls_6595b64144ccf1df_6.0.10240.16384_none_f41f7b285750ef43\COMCTL32.dll
0x00007ffbd4960000 - 0x00007ffbd4996000 	C:\WINDOWS\system32\IMM32.DLL
0x00007ffbd4800000 - 0x00007ffbd495c000 	C:\WINDOWS\system32\MSCTF.dll
0x00000000531d0000 - 0x00000000532a1000 	C:\Program Files\Java\jdk1.7.0_07\jre\bin\msvcr100.dll
0x0000000053650000 - 0x0000000053d6f000 	C:\Program Files\Java\jdk1.7.0_07\jre\bin\server\jvm.dll
0x00007ffbd4a10000 - 0x00007ffbd4a18000 	C:\WINDOWS\system32\PSAPI.DLL
0x00007ffbc92c0000 - 0x00007ffbc92c9000 	C:\WINDOWS\SYSTEM32\WSOCK32.dll
0x00007ffbd5720000 - 0x00007ffbd5789000 	C:\WINDOWS\system32\WS2_32.dll
0x00007ffbd4630000 - 0x00007ffbd4638000 	C:\WINDOWS\system32\NSI.dll
0x00007ffbcedf0000 - 0x00007ffbcee13000 	C:\WINDOWS\SYSTEM32\WINMM.dll
0x00007ffbce960000 - 0x00007ffbce98c000 	C:\WINDOWS\SYSTEM32\WINMMBASE.dll
0x00007ffbd3790000 - 0x00007ffbd37d4000 	C:\WINDOWS\system32\cfgmgr32.dll
0x00007ffbd2060000 - 0x00007ffbd2087000 	C:\WINDOWS\SYSTEM32\DEVOBJ.dll
0x0000000053640000 - 0x000000005364f000 	C:\Program Files\Java\jdk1.7.0_07\jre\bin\verify.dll
0x0000000053610000 - 0x0000000053638000 	C:\Program Files\Java\jdk1.7.0_07\jre\bin\java.dll
0x00000000535f0000 - 0x0000000053605000 	C:\Program Files\Java\jdk1.7.0_07\jre\bin\zip.dll
0x00000000535d0000 - 0x00000000535e9000 	C:\Program Files\Java\jdk1.7.0_07\jre\bin\net.dll
0x00007ffbd2f60000 - 0x00007ffbd2fbd000 	C:\WINDOWS\system32\mswsock.dll
0x00000000535b0000 - 0x00000000535c1000 	C:\Program Files\Java\jdk1.7.0_07\jre\bin\nio.dll
0x00007ffbb2550000 - 0x00007ffbb2562000 	C:\Users\Maxx\.gradle\native\19\windows-amd64\native-platform.dll
0x00007ffbd47a0000 - 0x00007ffbd47f1000 	C:\WINDOWS\system32\SHLWAPI.dll
0x00007ffbd5130000 - 0x00007ffbd53ac000 	C:\WINDOWS\system32\combase.dll
0x00007ffbd0cc0000 - 0x00007ffbd0cf8000 	C:\WINDOWS\SYSTEM32\IPHLPAPI.DLL
0x00007ffbd0cb0000 - 0x00007ffbd0cbb000 	C:\WINDOWS\SYSTEM32\WINNSI.DLL
0x00007ffbcb2c0000 - 0x00007ffbcb2d6000 	C:\WINDOWS\SYSTEM32\dhcpcsvc6.DLL
0x00007ffbcaf80000 - 0x00007ffbcaf9a000 	C:\WINDOWS\SYSTEM32\dhcpcsvc.DLL
0x00007ffbd2fc0000 - 0x00007ffbd2fd7000 	C:\WINDOWS\SYSTEM32\CRYPTSP.dll
0x00007ffbd3620000 - 0x00007ffbd3648000 	C:\WINDOWS\SYSTEM32\bcrypt.dll
0x00007ffbd2c10000 - 0x00007ffbd2c43000 	C:\WINDOWS\system32\rsaenh.dll
0x00007ffbd2d00000 - 0x00007ffbd2d1f000 	C:\WINDOWS\SYSTEM32\USERENV.dll
0x00007ffbd3770000 - 0x00007ffbd3783000 	C:\WINDOWS\system32\profapi.dll
0x00007ffbd3510000 - 0x00007ffbd357b000 	C:\WINDOWS\system32\bcryptprimitives.dll
0x00007ffbd3130000 - 0x00007ffbd313b000 	C:\WINDOWS\SYSTEM32\CRYPTBASE.dll
0x00007ffbcb5b0000 - 0x00007ffbcb5c5000 	C:\WINDOWS\system32\napinsp.dll
0x00007ffbcb5d0000 - 0x00007ffbcb5ea000 	C:\WINDOWS\system32\pnrpnsp.dll
0x00007ffbd03a0000 - 0x00007ffbd03b8000 	C:\WINDOWS\system32\NLAapi.dll
0x00007ffbd2d60000 - 0x00007ffbd2e08000 	C:\WINDOWS\SYSTEM32\DNSAPI.dll
0x00007ffbcb610000 - 0x00007ffbcb61d000 	C:\WINDOWS\System32\winrnr.dll
0x00007ffbcb5f0000 - 0x00007ffbcb605000 	C:\WINDOWS\system32\wshbth.dll
0x00007ffbca030000 - 0x00007ffbca03a000 	C:\Windows\System32\rasadhlp.dll
0x00007ffbcb2e0000 - 0x00007ffbcb348000 	C:\WINDOWS\System32\fwpuclnt.dll
0x00000000533c0000 - 0x00000000533cb000 	C:\Program Files\Java\jdk1.7.0_07\jre\bin\management.dll

VM Arguments:
jvm_args: -XX:MaxPermSize=256m -XX:+HeapDumpOnOutOfMemoryError -Xmx1024m -Dfile.encoding=windows-1252 -Duser.country=US -Duser.language=en -Duser.variant 
java_command: org.gradle.launcher.daemon.bootstrap.GradleDaemon 2.4 C:\Users\Maxx\.gradle C:\Users\Maxx\.gradle\daemon 10800000 abdac135-e57a-4ec4-a2a3-ef9ac9b4db4a -XX:MaxPermSize=256m -XX:+HeapDumpOnOutOfMemoryError -Xmx1024m -Dfile.encoding=windows-1252 -Duser.country=US -Duser.language=en -Duser.variant
Launcher Type: SUN_STANDARD

Environment Variables:
PATH=C:\Python27\;C:\Python27\Scripts;C:\Program Files (x86)\NVIDIA Corporation\PhysX\Common;C:\Program Files (x86)\Intel\iCLS Client\;C:\Program Files\Intel\iCLS Client\;C:\WINDOWS\system32;C:\WINDOWS;C:\WINDOWS\System32\Wbem;C:\WINDOWS\System32\WindowsPowerShell\v1.0\;C:\Program Files (x86)\Intel\OpenCL SDK\2.0\bin\x86;C:\Program Files (x86)\Intel\OpenCL SDK\2.0\bin\x64;C:\Program Files\Intel\Intel(R) Management Engine Components\DAL;C:\Program Files\Intel\Intel(R) Management Engine Components\IPT;C:\Program Files (x86)\Intel\Intel(R) Management Engine Components\DAL;C:\Program Files (x86)\Intel\Intel(R) Management Engine Components\IPT;C:\Program Files\Sony\VAIO Improvement\;C:\Program Files (x86)\Sony\VAIO Startup Setting Tool;C:\Program Files (x86)\Intel\OpenCL SDK\2.0\bin\x86;C:\Program Files (x86)\Intel\OpenCL SDK\2.0\bin\x64;C:\ProgramData\ComposerSetup\bin;C:\Program Files (x86)\Northshore\ZendServer\share\ZendFramework\bin;C:\Program Files (x86)\Northshore\ZendServer\bin;C:\Program Files\nodejs\;C:\Program Files\Git\cmd;C:\Users\Maxx\AppData\Roaming\npm
USERNAME=Maxx
OS=Windows_NT
PROCESSOR_IDENTIFIER=Intel64 Family 6 Model 58 Stepping 9, GenuineIntel



---------------  S Y S T E M  ---------------

OS: Windows 8 , 64 bit Build 9200 

CPU:total 4 (2 cores per cpu, 2 threads per core) family 6 model 58 stepping 9, cmov, cx8, fxsr, mmx, sse, sse2, sse3, ssse3, sse4.1, sse4.2, popcnt, avx, ht, tsc, tscinvbit, tscinv

Memory: 4k page, physical 8257932k(935256k free), swap 17179272k(4552k free)

vm_info: Java HotSpot(TM) 64-Bit Server VM (23.3-b01) for windows-amd64 JRE (1.7.0_07-b11), built on Sep  7 2012 01:19:25 by "java_re" with unknown MS VC++:1600

time: Tue May 24 10:43:57 2016
elapsed time: 51 seconds

